fstatat64
pthread_mutex_init
strchr
ngx_strlchr.553
ngx_http_update_location_config
memcmp
pthread_cond_signal
pthread_mutexattr_init
SSL_get_peer_certificate
xsltQuoteOneUserParam
ngx_resolver_lookup_addr
ngx_http_variable_binary_remote_addr
ngx_http_grpc_cleanup
ngx_rbtree_left_rotate
gmtime_r
fcntl
ngx_http_process_header_line
getppid
ngx_stream_script_copy_len_code
xmlFreeDtd
ngx_rbtree_min
SSL_free
ngx_md5_body
ngx_http_parse_uri
ngx_http_v2_node_children_update
ngx_http_upstream_process_buffering
ngx_stream_variable_protocol
ngx_next_temp_number
ngx_crc32_short.4882
SSL_SESSION_get_id
socketpair
ngx_http_upstream_empty_save_session
SSL_get0_alpn_selected
exit
ngx_hextoi
ngx_escape_uri
pwritev64
sched_setaffinity
ERR_get_error
ngx_hex_dump
ngx_http_variable_request
uname
pcre_study
sched_yield
ngx_stream_script_flush_complex_value
BIO_s_mem
ngx_http_image_test
gdImageCreateTrueColor
pthread_mutexattr_settype
chmod
ngx_http_variable_nginx_version
sendfile64
SSL_CTX_free
ngx_ssl_ocsp_parse_status_line
sigaction
ngx_http_ssi_endif
gdImageCreateFromWebpPtr
ngx_http_cmp_conf_addrs
ngx_http_ssl_static_variable
SSL_CTX_get_cert_store
ngx_http_sub_cmp_matches
GeoIP_country_name_by_ipnum
ngx_mail_starttls_only
setsockopt
recvmsg
syscall
gdImageJpegPtr
htonl
inflateEnd
ngx_test_lockfile
connect
send
gdImagePngPtr
ngx_strlchr.4918
SSL_set_connect_state
d2i_OCSP_RESPONSE
ngx_stream_variable_hostname
gdImageWebpPtrEx
RAND_bytes
ngx_http_auth_request_variable
SSL_get0_next_proto_negotiated
umask
ngx_shmtx_trylock
malloc
gdImageAlphaBlending
xmlFreeParserCtxt
ngx_http_gzip_filter_free
readv
ngx_http_v2_settings_frame_handler
ngx_http_proxy_host_variable
dlerror
ngx_log_get_file_log
listen
setgid
ngx_http_empty_handler
ngx_encode_base64_internal
getpagesize
getsockopt
inflateInit2_
ngx_http_log_pipe
xmlCleanupParser
xmlParseChunk
initgroups
xmlFreeDoc
pthread_cond_destroy
SSL_ctrl
pthread_attr_setdetachstate
ngx_reusable_connection
ngx_crc32_short
ngx_http_gunzip_filter_add_data
dup2
strerror
ngx_resolver_cmp_srvs
pcre_fullinfo
ngx_crc32_update.3134
ngx_ssl_ocsp_dummy_handler
ngx_free_connection
ngx_strlow
writev
SSL_CTX_get_ex_data
ngx_mail_cmp_conf_addrs
ngx_rbtree_min.533
gdImageDestroy
ngx_http_dav_noop
ngx_http_script_copy_len_code
strcmp
ngx_http_variable_scheme
ngx_slab_sizes_init
srandom
getenv
recv
opendir
OCSP_resp_find_status
ngx_rbtree_insert_timer_value
ngx_http_gzip_quantity
OCSP_cert_to_id
ngx_http_v2_waiting_queue
ERR_peek_error_line_data
ngx_sha1_init
ngx_strlchr.2197
xsltFreeStylesheet
sem_post
ngx_event_timer_init
ngx_get_cpu_affinity
ngx_radix32tree_delete
ngx_crc32_update.4931
ngx_strnlen
ngx_stream_upstream_empty_save_session
ntohs
ngx_http_upstream_non_buffered_filter_init
munmap
lstat64
ngx_crc32_short.3036
accept
time
BIO_free
ERR_error_string_n
ioctl
ngx_crc32_update.2022
ngx_strlchr.1891
llvm.memmove.p0i8.p0i8.i64
ngx_http_v2_queue_ordered_frame
ngx_hash_find
unlink
ngx_mail_verify_cert
GeoIP_region_name_by_code
SSL_CTX_remove_session
ngx_mail_auth_http_dummy_handler
OCSP_response_get1_basic
setsid
ngx_http_access_handler
eventfd
llvm.bswap.i64
ntohl
ngx_atotm
gdImageInterlace
ngx_http_variable_host
ngx_http_log_escape
ngx_radix32tree_find
openat64
ngx_http_variable_request_method
ngx_preinit_modules
readdir64
gdImageCreateFromPngPtr
ngx_strncasecmp
strlen
mmap64
ngx_http_script_full_name_len_code
__cmsg_nxthdr
geteuid
OCSP_RESPONSE_free
bind
ngx_test_full_name
CRYPTO_get_ex_new_index
random
ngx_stream_variable_remote_addr
fstat64
ngx_http_v2_module_init
ngx_http_variable_unknown_header
pread64
sigprocmask
BIO_new
OCSP_response_status
deflateInit2_
ngx_http_geoip_cleanup
ngx_http_log_copy_short
posix_memalign
ngx_stream_script_copy_capture_len_code
GeoIP_country_code_by_ipnum
ngx_atofp
SSL_set_options
ngx_http_variable_request_body_file
ngx_http_v2_queue_frame
ngx_regex_init
shutdown
gdImageCreate
SSL_CTX_ctrl
SSL_write_early_data
inflate
pcre_free_study
ngx_rbtree_insert_value
ngx_sha1_body
pthread_exit
pthread_cond_init
ngx_http_variable_server_name
ngx_escape_json
kill
ngx_http_variable_sent_content_type
ngx_http_variable_set_args
prctl
setitimer
ngx_http_upstream_cache_etag
OCSP_check_validity
statfs64
execve
ngx_crc32_short.3071
ngx_radix128tree_delete
ngx_stream_variable_nginx_version
ngx_http_upstream_dummy_handler
ngx_http_gzip_filter_memory
gdFree
accept4
gdImageSaveAlpha
ngx_http_variable_sent_transfer_encoding
sendmsg
gdImageTrueColorToPalette
ngx_stream_variable_binary_remote_addr
ngx_stream_log_copy_short
ngx_http_ssl_variable
X509_free
ngx_parse_http_time
ngx_http_variable_pipe
ngx_crc32_short.1251
xsltNewTransformContext
SSL_set_quiet_shutdown
OCSP_CERTID_free
BIO_ctrl
ngx_http_variable_not_found
ngx_stream_upstream_empty_set_session
rename
ngx_http_parse_chunked
ngx_stream_variable_proxy_protocol_addr
GeoIP_name_by_ipnum
usleep
strftime
ngx_resolver_strerror
X509_verify_cert_error_string
ngx_http_upstream_ignore_header_line
BIO_write
getrlimit64
SSL_set_shutdown
SSL_set_fd
ngx_http_ssi_endblock
ngx_http_proxy_port_variable
ngx_gmtime
SSL_in_init
ngx_filename_cmp
sem_wait
ngx_http_set_exten
gethostname
socket
ngx_http_variable_hostname
htons
pthread_mutex_lock
X509_check_host
OCSP_cert_status_str
SSL_new
ngx_stream_variable_not_found
gettimeofday
OCSP_basic_verify
SSL_get_verify_result
inflateReset
__errno_location
crypt_r
ngx_escape_html
SSL_write
ngx_http_v2_write_int
getpid
ngx_http_file_cache_valid
stat64
free
ngx_http_image_length
dlclose
ngx_http_upstream_process_charset
ngx_http_v2_queue_blocked_frame.2582
ngx_http_v2_table_account
ngx_atoi
GeoIPRecord_delete
gdImageSharpen
ngx_http_realip_get_module_ctx
ngx_http_file_cache_noop
ngx_http_upstream_empty_set_session
gdImageCreateFromGifPtr
ngx_mail_pop3_stls
GeoIP_country_code3_by_ipnum
SSL_shutdown
ngx_md5_init
crc32
ngx_crc32_long.3104
raise
ngx_openssl_exit
ngx_http_variable_request_line
ngx_http_sub_match
epoll_wait
ngx_strlchr.515
xsltFreeTransformContext
setrlimit64
ngx_cpystrn
ngx_strlchr.1632
ngx_utf8_decode
ngx_murmur_hash2
ngx_hash_strlow
SSL_do_handshake
ngx_http_gunzip_filter_free
llvm.va_end
pthread_mutex_destroy
close
llvm.memset.p0i8.i64
ngx_http_variable_sent_connection
posix_fadvise64
ngx_stream_ssl_variable
ngx_regex_malloc_init
sysconf
ngx_http_ssi_buffered
ngx_crypt_to64
ngx_http_request_empty_handler
sigemptyset
ngx_http_script_variables_count
ngx_chain_update_chains
qsort
pthread_attr_destroy
ASN1_GENERALIZEDTIME_print
ngx_http_ssi_else
ngx_mail_imap_starttls
ngx_stream_cmp_conf_addrs
sigfillset
gdImageCopy
ngx_http_parse_complex_uri
sem_init
ngx_http_v2_handle_frame
fork
ngx_decode_base64_internal
epoll_create
ngx_stream_ssl_static_variable
ngx_unescape_uri
ngx_http_parse_request_line
ngx_http_geoip_get_city_record
ERR_clear_error
pwrite64
SSL_set_accept_state
ngx_http_script_break_code
OPENSSL_init_ssl
clock_gettime
ngx_strlchr
ngx_resolver_resend_empty
ERR_peek_error
deflateEnd
ngx_http_v2_filter_cleanup
ngx_http_script_value_code
OCSP_BASICRESP_free
ngx_strcasecmp
pcre_compile
epoll_ctl
ngx_thread_pool_get
ngx_output_chain_as_is
getsockname
SSL_read_early_data
ngx_regex_malloc_done
gdImageCopyResampled
localtime
gdImageGifPtr
ngx_http_image_size
ngx_http_variable_header
SSL_CTX_get_max_early_data
SSL_get_error
ngx_chain_coalesce_file
ngx_stream_log_session
mkdir
ngx_http_file_cache_set_watermark
pthread_mutexattr_destroy
localtime_r
closedir
ngx_mail_smtp_rset
xmlCreatePushParserCtxt
ngx_http_v2_queue_blocked_frame
ngx_http_log_request
chown
ngx_rbtree_min.694
pthread_mutex_unlock
ngx_mail_auth_http_parse_header_line
strncmp
ngx_atoof
pcre_exec
xmlCtxtUseOptions
ngx_http_script_set_var_code
gdImageCreateFromJpegPtr
ngx_radix128tree_find
gdImageCopyRotated
ngx_chain_to_iovec
xsltCleanupGlobals
ngx_ssl_ocsp_parse_header_line
ngx_http_script_flush_no_cacheable_variables
ngx_http_proxy_internal_chunked_variable
ngx_crc32_long
abort
write
OCSP_response_status_str
ngx_http_script_flush_complex_value
X509_get_ex_data
ngx_http_v2_frame_handler
SSL_read
ngx_http_v2_handle_stream
ngx_http_charset_recode
SSL_set_ex_data
ngx_http_upstream_cache_status
ngx_http_upstream_process_header_line
ngx_rbtree_right_rotate
rmdir
ngx_cpuid
ngx_http_xslt_encoding
ngx_http_variable_proxy_protocol_addr
pthread_create
ngx_event_pipe_remove_shadow_links
pthread_cond_wait
ngx_chain_update_sent
pthread_sigmask
ngx_crc32_long.4903
ngx_http_v2_parse_int
ngx_stream_access_handler
sigdelset
ngx_mail_smtp_starttls
sigsuspend
sendto
ngx_atosz
gdImageColorTransparent
xsltApplyStylesheetUser
SSL_get_shutdown
ngx_stream_log_escape
ngx_event_get_peer
ngx_stream_script_full_name_len_code
ngx_strlchr.3118
ngx_hash_key
pthread_attr_init
sigaddset
OpenSSL_version
realpath
SSL_get_session
read
deflate
setuid
utimes
xsltSaveResultToString
ngx_crc32_long.545
ngx_stream_script_flush_no_cacheable_variables
mktime
gdImageColorExact
ngx_http_variable_remote_addr
open64
ngx_crc32_update
llvm.memcpy.p0i8.p0i8.i64
llvm.va_start
ngx_http_xslt_content_type
